<?xml version="1.0" encoding="UTF-8"?>
<testsuite xmlns:xsi="http://www.w3.org/2001/XMLSchema-instance" xsi:schemaLocation="https://maven.apache.org/surefire/maven-surefire-plugin/xsd/surefire-test-report.xsd" name="TestSuite" time="45.207" tests="2" errors="0" skipped="0" failures="2">
  <properties>
[...]
</properties>
  <testcase name="f1" classname="com.org.test.MavenFirstProject.Parameter" time="10.549">
    <failure message="Element is not visible&#10;Build info: version: &apos;3.4.0&apos;, revision: &apos;unknown&apos;, time: &apos;unknown&apos;&#10;System info: host: &apos;AMITDESHMUKH&apos;, ip: &apos;192.168.0.5&apos;, os.name: &apos;Windows 8.1&apos;, os.arch: &apos;amd64&apos;, os.version: &apos;6.3&apos;, java.version: &apos;1.8.0_25&apos;&#10;Driver info: org.openqa.selenium.firefox.FirefoxDriver&#10;Capabilities [{moz:profile=C:\Users\Amit\AppData\Local\Temp\rust_mozprofile.XiBxQej2Oifr, rotatable=false, timeouts={implicit=0.0, pageLoad=300000.0, script=30000.0}, pageLoadStrategy=normal, platform=ANY, specificationLevel=0.0, moz:accessibilityChecks=false, acceptInsecureCerts=false, browserVersion=54.0.1, platformVersion=10.0, moz:processID=4380.0, browserName=firefox, javascriptEnabled=true, platformName=windows_nt}]&#10;Session ID: 784deaea-12b5-4ab3-98f0-9b5a4a5b05e8" type="org.openqa.selenium.ElementNotInteractableException">org.openqa.selenium.ElementNotInteractableException: 
Element is not visible
Build info: version: '3.4.0', revision: 'unknown', time: 'unknown'
System info: host: 'AMITDESHMUKH', ip: '192.168.0.5', os.name: 'Windows 8.1', os.arch: 'amd64', os.version: '6.3', java.version: '1.8.0_25'
Driver info: org.openqa.selenium.firefox.FirefoxDriver
Capabilities [{moz:profile=C:\Users\Amit\AppData\Local\Temp\rust_mozprofile.XiBxQej2Oifr, rotatable=false, timeouts={implicit=0.0, pageLoad=300000.0, script=30000.0}, pageLoadStrategy=normal, platform=ANY, specificationLevel=0.0, moz:accessibilityChecks=false, acceptInsecureCerts=false, browserVersion=54.0.1, platformVersion=10.0, moz:processID=4380.0, browserName=firefox, javascriptEnabled=true, platformName=windows_nt}]
Session ID: 784deaea-12b5-4ab3-98f0-9b5a4a5b05e8
	at com.org.test.MavenFirstProject.Parameter.f1(Parameter.java:68)
</failure>
    <system-out><![CDATA[[TestNGContentHandler] [WARN] It is strongly recommended to add "<!DOCTYPE suite SYSTEM "http://testng.org/testng-1.0.dtd" >" at the top of your file, otherwise TestNG may fail or not work as expected.
Before Test
Test
Before Test
Test
]]></system-out>
    <system-err><![CDATA[1502771465581	geckodriver	INFO	geckodriver 0.18.0
1502771465606	geckodriver	INFO	Listening on 127.0.0.1:15971
Starting ChromeDriver 2.29.461591 (62ebf098771772160f391d75e589dc567915b233) on port 31986
Only local connections are allowed.
1502771466519	geckodriver::marionette	INFO	Starting browser C:\Program Files (x86)\Mozilla Firefox\firefox.exe with args ["-marionette"]
Aug 15, 2017 10:01:11 AM org.openqa.selenium.remote.ProtocolHandshake createSession
INFO: Detected dialect: OSS
1502771484171	Marionette	INFO	Listening on port 14788
Aug 15, 2017 10:01:24 AM org.openqa.selenium.remote.ProtocolHandshake createSession
INFO: Detected dialect: W3C
]]></system-err>
  </testcase>
  <testcase name="f1" classname="com.org.test.MavenFirstProject.Parameter" time="12.877">
    <failure message="no such window: target window already closed&#10;from unknown error: web view not found&#10;  (Session info: chrome=60.0.3112.90)&#10;  (Driver info: chromedriver=2.29.461591 (62ebf098771772160f391d75e589dc567915b233),platform=Windows NT 10.0.14393 x86_64) (WARNING: The server did not provide any stacktrace information)&#10;Command duration or timeout: 15 milliseconds&#10;Build info: version: &apos;3.4.0&apos;, revision: &apos;unknown&apos;, time: &apos;unknown&apos;&#10;System info: host: &apos;AMITDESHMUKH&apos;, ip: &apos;192.168.0.5&apos;, os.name: &apos;Windows 8.1&apos;, os.arch: &apos;amd64&apos;, os.version: &apos;6.3&apos;, java.version: &apos;1.8.0_25&apos;&#10;Driver info: org.openqa.selenium.chrome.ChromeDriver&#10;Capabilities [{applicationCacheEnabled=false, rotatable=false, mobileEmulationEnabled=false, networkConnectionEnabled=false, chrome={chromedriverVersion=2.29.461591 (62ebf098771772160f391d75e589dc567915b233), userDataDir=C:\Users\Amit\AppData\Local\Temp\scoped_dir9116_15091}, takesHeapSnapshot=true, pageLoadStrategy=normal, databaseEnabled=false, handlesAlerts=true, hasTouchScreen=false, version=60.0.3112.90, platform=WIN8_1, browserConnectionEnabled=false, nativeEvents=true, acceptSslCerts=true, locationContextEnabled=true, webStorageEnabled=true, browserName=chrome, takesScreenshot=true, javascriptEnabled=true, cssSelectorsEnabled=true, unexpectedAlertBehaviour=}]&#10;Session ID: 8b2e8a307b121d43bf23c25087a7698b&#10;*** Element info: {Using=xpath, value=//*[@id=&apos;sub_btn_verify&apos;]}" type="org.openqa.selenium.NoSuchWindowException">org.openqa.selenium.NoSuchWindowException: 
no such window: target window already closed
from unknown error: web view not found
  (Session info: chrome=60.0.3112.90)
  (Driver info: chromedriver=2.29.461591 (62ebf098771772160f391d75e589dc567915b233),platform=Windows NT 10.0.14393 x86_64) (WARNING: The server did not provide any stacktrace information)
Command duration or timeout: 15 milliseconds
Build info: version: '3.4.0', revision: 'unknown', time: 'unknown'
System info: host: 'AMITDESHMUKH', ip: '192.168.0.5', os.name: 'Windows 8.1', os.arch: 'amd64', os.version: '6.3', java.version: '1.8.0_25'
Driver info: org.openqa.selenium.chrome.ChromeDriver
Capabilities [{applicationCacheEnabled=false, rotatable=false, mobileEmulationEnabled=false, networkConnectionEnabled=false, chrome={chromedriverVersion=2.29.461591 (62ebf098771772160f391d75e589dc567915b233), userDataDir=C:\Users\Amit\AppData\Local\Temp\scoped_dir9116_15091}, takesHeapSnapshot=true, pageLoadStrategy=normal, databaseEnabled=false, handlesAlerts=true, hasTouchScreen=false, version=60.0.3112.90, platform=WIN8_1, browserConnectionEnabled=false, nativeEvents=true, acceptSslCerts=true, locationContextEnabled=true, webStorageEnabled=true, browserName=chrome, takesScreenshot=true, javascriptEnabled=true, cssSelectorsEnabled=true, unexpectedAlertBehaviour=}]
Session ID: 8b2e8a307b121d43bf23c25087a7698b
*** Element info: {Using=xpath, value=//*[@id='sub_btn_verify']}
	at com.org.test.MavenFirstProject.Parameter.f1(Parameter.java:68)
</failure>
    <system-out><![CDATA[After test
]]></system-out>
    <system-err><![CDATA[1502771505388	Marionette	INFO	New connections will no longer be accepted
]]></system-err>
  </testcase>
</testsuite>